\BOOKMARK [1][-]{section.1}{Problem Statement}{}% 1
\BOOKMARK [1][-]{section.2}{Input dependent loops and execution time}{}% 2
\BOOKMARK [1][-]{section.3}{Problems with using Function Input-Dependent Loops}{}% 3
\BOOKMARK [1][-]{section.4}{Avoiding the problem}{}% 4
\BOOKMARK [2][-]{subsection.4.1}{Approach 1 : Introduce Upper bound on input parameters}{section.4}% 5
\BOOKMARK [3][-]{subsubsection.4.1.1}{Problems with Approach 1}{subsection.4.1}% 6
\BOOKMARK [2][-]{subsection.4.2}{Approach 2 : Changing the logic}{section.4}% 7
\BOOKMARK [3][-]{subsubsection.4.2.1}{Problems with Approach 2}{subsection.4.2}% 8
\BOOKMARK [1][-]{section.5}{Our Approach}{}% 9
\BOOKMARK [2][-]{subsection.5.1}{High Level Steps}{section.5}% 10
\BOOKMARK [2][-]{subsection.5.2}{Implementation Technologies}{section.5}% 11
\BOOKMARK [2][-]{subsection.5.3}{Implementation: Detailed Steps}{section.5}% 12
\BOOKMARK [2][-]{subsection.5.4}{Project Structure}{section.5}% 13
\BOOKMARK [1][-]{section.6}{Results}{}% 14
\BOOKMARK [2][-]{subsection.6.1}{Manual Tests}{section.6}% 15
\BOOKMARK [3][-]{subsubsection.6.1.1}{Validation}{subsection.6.1}% 16
\BOOKMARK [1][-]{section.7}{Analysing Node modules}{}% 17
\BOOKMARK [2][-]{subsection.7.1}{UserAgent Results}{section.7}% 18
\BOOKMARK [2][-]{subsection.7.2}{Validating UserAgent Results}{section.7}% 19
\BOOKMARK [2][-]{subsection.7.3}{Manually Triggering Identified Vulnerable Function}{section.7}% 20
\BOOKMARK [2][-]{subsection.7.4}{tough-cookie Results}{section.7}% 21
\BOOKMARK [1][-]{section.8}{Conclusion}{}% 22
\BOOKMARK [2][-]{subsection.8.1}{Reason for false positives}{section.8}% 23
\BOOKMARK [1][-]{section.9}{Future Work}{}% 24
\BOOKMARK [1][-]{section.10}{Difficulties and Challenges}{}% 25
